Using pre-set license
Built from '2020.2/release' branch; Version is '2020.2.4f1 (becced5a802b) revision 12504301'; Using compiler version '192528614'; Build Type 'Release'
OS: 'Windows 10 Pro; OS build 19042.804; Version 2009; 64bit' Language: 'en' Physical Memory: 16150 MB
BatchMode: 1, IsHumanControllingUs: 0, StartBugReporterOnCrash: 0, Is64bit: 1, IsPro: 0

 COMMAND LINE ARGUMENTS:
D:\Program Files\Unity\2020.2.4f1\Editor\Unity.exe
-adb2
-batchMode
-noUpm
-name
AssetImportWorker0
-projectPath
D:/Unity Design/Unity_prototype1_Scripts/GroupProject
-logFile
Logs/AssetImportWorker0.log
-srvPort
36119
Successfully changed project path to: D:/Unity Design/Unity_prototype1_Scripts/GroupProject
D:/Unity Design/Unity_prototype1_Scripts/GroupProject
Using Asset Import Pipeline V2.
Refreshing native plugins compatible for Editor in 32.96 ms, found 1 plugins.
Preloading 0 native plugins for Editor in 0.00 ms.
Initialize engine version: 2020.2.4f1 (becced5a802b)
[Subsystems] Discovering subsystems at path D:/Program Files/Unity/2020.2.4f1/Editor/Data/Resources/UnitySubsystems
[Subsystems] Discovering subsystems at path D:/Unity Design/Unity_prototype1_Scripts/GroupProject/Assets
GfxDevice: creating device client; threaded=0
Direct3D:
    Version:  Direct3D 11.0 [level 11.1]
    Renderer: NVIDIA GeForce RTX 2060 (ID=0x1f15)
    Vendor:   
    VRAM:     5980 MB
    Driver:   27.21.14.6140
Initialize mono
Mono path[0] = 'D:/Program Files/Unity/2020.2.4f1/Editor/Data/Managed'
Mono path[1] = 'D:/Program Files/Unity/2020.2.4f1/Editor/Data/MonoBleedingEdge/lib/mono/unityjit'
Mono config path = 'D:/Program Files/Unity/2020.2.4f1/Editor/Data/MonoBleedingEdge/etc'
Using monoOptions --debugger-agent=transport=dt_socket,embedding=1,server=y,suspend=n,address=127.0.0.1:56484
Begin MonoManager ReloadAssembly
Registering precompiled unity dll's ...
Register platform support module: D:/Program Files/Unity/2020.2.4f1/Editor/Data/PlaybackEngines/WindowsStandaloneSupport/UnityEditor.WindowsStandalone.Extensions.dll
Registered in 0.002785 seconds.
Native extension for WindowsStandalone target not found
Refreshing native plugins compatible for Editor in 32.56 ms, found 1 plugins.
Preloading 0 native plugins for Editor in 0.00 ms.
Invoked RoslynAnalysisRunner static constructor.
RoslynAnalysisRunner will not be running.
RoslynAnalysisRunner has terminated.
Mono: successfully reloaded assembly
- Completed reload, in  0.962 seconds
Platform modules already initialized, skipping
Registering precompiled user dll's ...
Registered in 0.001048 seconds.
Begin MonoManager ReloadAssembly
Native extension for WindowsStandalone target not found
Refreshing native plugins compatible for Editor in 34.21 ms, found 1 plugins.
Preloading 0 native plugins for Editor in 0.00 ms.
Invoked RoslynAnalysisRunner static constructor.
RoslynAnalysisRunner will not be running.
RoslynAnalysisRunner has terminated.
Mono: successfully reloaded assembly
- Completed reload, in  0.837 seconds
Platform modules already initialized, skipping
========================================================================
Worker process is ready to serve import requests
Launched and connected shader compiler UnityShaderCompiler.exe after 0.04 seconds
Refreshing native plugins compatible for Editor in 0.34 ms, found 1 plugins.
Preloading 0 native plugins for Editor in 0.00 ms.
Unloading 1935 Unused Serialized files (Serialized files now loaded: 0)
System memory in use before: 89.3 MB.
System memory in use after: 89.4 MB.

Unloading 19 unused Assets to reduce memory usage. Loaded Objects now: 2384.
Total: 2.158500 ms (FindLiveObjects: 0.265600 ms CreateObjectMapping: 0.112800 ms MarkObjects: 1.757100 ms  DeleteObjects: 0.021600 ms)

========================================================================
Received Import Request.
  path: Assets/ZombieSurvival.unity
  artifactKey: Guid(d13f4b317d1b87b4da5399dc9c09a3be) Importer(815301076,1909f56bfc062723c751e8b465ee728b)
Start importing Assets/ZombieSurvival.unity using Guid(d13f4b317d1b87b4da5399dc9c09a3be) Importer(815301076,1909f56bfc062723c751e8b465ee728b)  -> (artifact id: 'a3f402c564f19315c7f52c7805c32bce') in 0.009185 seconds
  Import took 0.012529 seconds .

========================================================================
Received Import Request.
  Time since last request: 7.181305 seconds.
  path: Assets/Bootcamp.unity
  artifactKey: Guid(d13f4b317d1b87b4da5399dc9c09a3be) Importer(815301076,1909f56bfc062723c751e8b465ee728b)
Start importing Assets/Bootcamp.unity using Guid(d13f4b317d1b87b4da5399dc9c09a3be) Importer(815301076,1909f56bfc062723c751e8b465ee728b)  -> (artifact id: '883c1b92013f09eac3ae92a4f66750bc') in 0.003002 seconds
  Import took 0.006527 seconds .

========================================================================
Received Import Request.
  Time since last request: 14.875425 seconds.
  path: Assets/Baecamp.unity
  artifactKey: Guid(d13f4b317d1b87b4da5399dc9c09a3be) Importer(815301076,1909f56bfc062723c751e8b465ee728b)
Start importing Assets/Baecamp.unity using Guid(d13f4b317d1b87b4da5399dc9c09a3be) Importer(815301076,1909f56bfc062723c751e8b465ee728b)  -> (artifact id: 'eff13a0965bce5d5ae2fc2e92107ec38') in 0.003306 seconds
  Import took 0.013937 seconds .

========================================================================
Received Import Request.
  Time since last request: 4.029092 seconds.
  path: Assets/Basecamp.unity
  artifactKey: Guid(d13f4b317d1b87b4da5399dc9c09a3be) Importer(815301076,1909f56bfc062723c751e8b465ee728b)
Start importing Assets/Basecamp.unity using Guid(d13f4b317d1b87b4da5399dc9c09a3be) Importer(815301076,1909f56bfc062723c751e8b465ee728b)  -> (artifact id: '55dc3f715b26aa37c58810bfea95f74e') in 0.003311 seconds
  Import took 0.013907 seconds .

========================================================================
Received Import Request.
  Time since last request: 8.879044 seconds.
  path: Assets/2D Roguelike Upgrade Guide.pdf
  artifactKey: Guid(b51259f0e9210b443918e15bf42bc64e) Importer(815301076,1909f56bfc062723c751e8b465ee728b)
Start importing Assets/2D Roguelike Upgrade Guide.pdf using Guid(b51259f0e9210b443918e15bf42bc64e) Importer(815301076,1909f56bfc062723c751e8b465ee728b)  -> (artifact id: '92257d02bcebdeeb0ed15e03eab4ed88') in 0.021486 seconds
  Import took 0.031547 seconds .

========================================================================
Received Import Request.
  Time since last request: 129.098995 seconds.
  path: Assets/_Prefabs/Food.prefab
  artifactKey: Guid(ad25a4e752915438e9f55a35bedacf1f) Importer(815301076,1909f56bfc062723c751e8b465ee728b)
Start importing Assets/_Prefabs/Food.prefab using Guid(ad25a4e752915438e9f55a35bedacf1f) Importer(815301076,1909f56bfc062723c751e8b465ee728b)  -> (artifact id: '662eb88dc466e140eccddd497105086f') in 0.060316 seconds
  Import took 0.063418 seconds .

========================================================================
Received Import Request.
  Time since last request: 0.000193 seconds.
  path: Assets/_Prefabs/Player.prefab
  artifactKey: Guid(28b53fc28d3a140c392f0e2d919f9de1) Importer(815301076,1909f56bfc062723c751e8b465ee728b)
Start importing Assets/_Prefabs/Player.prefab using Guid(28b53fc28d3a140c392f0e2d919f9de1) Importer(815301076,1909f56bfc062723c751e8b465ee728b)  -> (artifact id: '4005278b54f3fae47902ebf1d8d9af4f') in 0.011469 seconds
  Import took 0.014272 seconds .

========================================================================
Received Import Request.
  Time since last request: 0.000141 seconds.
  path: Assets/_Prefabs/Soda.prefab
  artifactKey: Guid(46e8bf4bf645a47e3ae1b60c7e18418c) Importer(815301076,1909f56bfc062723c751e8b465ee728b)
Start importing Assets/_Prefabs/Soda.prefab using Guid(46e8bf4bf645a47e3ae1b60c7e18418c) Importer(815301076,1909f56bfc062723c751e8b465ee728b)  -> (artifact id: 'd5f5dd690dbd838eed2ac908a213c5ce') in 0.016000 seconds
  Import took 0.018503 seconds .

========================================================================
Received Prepare
Registering precompiled user dll's ...
Registered in 0.001609 seconds.
Begin MonoManager ReloadAssembly
Native extension for WindowsStandalone target not found
Refreshing native plugins compatible for Editor in 0.32 ms, found 1 plugins.
Preloading 0 native plugins for Editor in 0.00 ms.
Invoked RoslynAnalysisRunner static constructor.
RoslynAnalysisRunner will not be running.
RoslynAnalysisRunner has terminated.
Mono: successfully reloaded assembly
- Completed reload, in  0.777 seconds
Platform modules already initialized, skipping
Refreshing native plugins compatible for Editor in 0.34 ms, found 1 plugins.
Preloading 0 native plugins for Editor in 0.00 ms.
Unloading 1923 Unused Serialized files (Serialized files now loaded: 0)
System memory in use before: 91.9 MB.
System memory in use after: 92.0 MB.

Unloading 9 unused Assets to reduce memory usage. Loaded Objects now: 2393.
Total: 1.496700 ms (FindLiveObjects: 0.157400 ms CreateObjectMapping: 0.072400 ms MarkObjects: 1.255700 ms  DeleteObjects: 0.010500 ms)

AssetImportWorkerClient::OnTransportError - code=2 error=End of file
