Using pre-set license
Built from '2020.2/release' branch; Version is '2020.2.4f1 (becced5a802b) revision 12504301'; Using compiler version '192528614'; Build Type 'Release'
OS: 'Windows 10 Pro; OS build 19042.804; Version 2009; 64bit' Language: 'en' Physical Memory: 16150 MB
BatchMode: 1, IsHumanControllingUs: 0, StartBugReporterOnCrash: 0, Is64bit: 1, IsPro: 0

 COMMAND LINE ARGUMENTS:
D:\Program Files\Unity\2020.2.4f1\Editor\Unity.exe
-adb2
-batchMode
-noUpm
-name
AssetImportWorker0
-projectPath
D:/Unity Design/Unity_prototype1_Scripts/GroupProject
-logFile
Logs/AssetImportWorker0.log
-srvPort
55585
Successfully changed project path to: D:/Unity Design/Unity_prototype1_Scripts/GroupProject
D:/Unity Design/Unity_prototype1_Scripts/GroupProject
Using Asset Import Pipeline V2.
Refreshing native plugins compatible for Editor in 35.37 ms, found 1 plugins.
Preloading 0 native plugins for Editor in 0.00 ms.
Initialize engine version: 2020.2.4f1 (becced5a802b)
[Subsystems] Discovering subsystems at path D:/Program Files/Unity/2020.2.4f1/Editor/Data/Resources/UnitySubsystems
[Subsystems] Discovering subsystems at path D:/Unity Design/Unity_prototype1_Scripts/GroupProject/Assets
GfxDevice: creating device client; threaded=0
Direct3D:
    Version:  Direct3D 11.0 [level 11.1]
    Renderer: NVIDIA GeForce RTX 2060 (ID=0x1f15)
    Vendor:   
    VRAM:     5980 MB
    Driver:   27.21.14.6140
Initialize mono
Mono path[0] = 'D:/Program Files/Unity/2020.2.4f1/Editor/Data/Managed'
Mono path[1] = 'D:/Program Files/Unity/2020.2.4f1/Editor/Data/MonoBleedingEdge/lib/mono/unityjit'
Mono config path = 'D:/Program Files/Unity/2020.2.4f1/Editor/Data/MonoBleedingEdge/etc'
Using monoOptions --debugger-agent=transport=dt_socket,embedding=1,server=y,suspend=n,address=127.0.0.1:56956
Begin MonoManager ReloadAssembly
Registering precompiled unity dll's ...
Register platform support module: D:/Program Files/Unity/2020.2.4f1/Editor/Data/PlaybackEngines/WindowsStandaloneSupport/UnityEditor.WindowsStandalone.Extensions.dll
Registered in 0.002757 seconds.
Native extension for WindowsStandalone target not found
Refreshing native plugins compatible for Editor in 33.82 ms, found 1 plugins.
Preloading 0 native plugins for Editor in 0.00 ms.
Invoked RoslynAnalysisRunner static constructor.
RoslynAnalysisRunner will not be running.
RoslynAnalysisRunner has terminated.
Mono: successfully reloaded assembly
- Completed reload, in  1.022 seconds
Platform modules already initialized, skipping
Registering precompiled user dll's ...
Registered in 0.001089 seconds.
Begin MonoManager ReloadAssembly
Native extension for WindowsStandalone target not found
Refreshing native plugins compatible for Editor in 35.00 ms, found 1 plugins.
Preloading 0 native plugins for Editor in 0.00 ms.
Invoked RoslynAnalysisRunner static constructor.
RoslynAnalysisRunner will not be running.
RoslynAnalysisRunner has terminated.
Mono: successfully reloaded assembly
- Completed reload, in  0.872 seconds
Platform modules already initialized, skipping
========================================================================
Worker process is ready to serve import requests
Launched and connected shader compiler UnityShaderCompiler.exe after 0.04 seconds
Refreshing native plugins compatible for Editor in 0.36 ms, found 1 plugins.
Preloading 0 native plugins for Editor in 0.00 ms.
Unloading 1984 Unused Serialized files (Serialized files now loaded: 0)
System memory in use before: 92.1 MB.
System memory in use after: 92.2 MB.

Unloading 19 unused Assets to reduce memory usage. Loaded Objects now: 2433.
Total: 1.959100 ms (FindLiveObjects: 0.242400 ms CreateObjectMapping: 0.158400 ms MarkObjects: 1.535700 ms  DeleteObjects: 0.021700 ms)

========================================================================
Received Import Request.
  path: Assets/_Prefabs/House.prefab
  artifactKey: Guid(ba54983009e518c44abd429fc96b92ca) Importer(815301076,1909f56bfc062723c751e8b465ee728b)
Start importing Assets/_Prefabs/House.prefab using Guid(ba54983009e518c44abd429fc96b92ca) Importer(815301076,1909f56bfc062723c751e8b465ee728b)  -> (artifact id: '89afc2d121667ba88905805926aad84f') in 0.092477 seconds
  Import took 0.095587 seconds .

========================================================================
Received Import Request.
  Time since last request: 0.000156 seconds.
  path: Assets/_Prefabs/Tree.prefab
  artifactKey: Guid(a0fbbe6fc1c617f49b8684b1a56231f3) Importer(815301076,1909f56bfc062723c751e8b465ee728b)
Start importing Assets/_Prefabs/Tree.prefab using Guid(a0fbbe6fc1c617f49b8684b1a56231f3) Importer(815301076,1909f56bfc062723c751e8b465ee728b)  -> (artifact id: 'fd1948f1cbe8ab57b269c0cc4cac181b') in 0.007848 seconds
  Import took 0.010621 seconds .

========================================================================
Received Import Request.
  Time since last request: 0.000138 seconds.
  path: Assets/_Prefabs/Exit.prefab
  artifactKey: Guid(cb0f3020bafec423aa31d0e491c4b811) Importer(815301076,1909f56bfc062723c751e8b465ee728b)
Start importing Assets/_Prefabs/Exit.prefab using Guid(cb0f3020bafec423aa31d0e491c4b811) Importer(815301076,1909f56bfc062723c751e8b465ee728b)  -> (artifact id: '283d554f358826ad83bd00b09bb9315b') in 0.008799 seconds
  Import took 0.011684 seconds .

========================================================================
Received Import Request.
  Time since last request: 1.290326 seconds.
  path: Assets/_Prefabs/Teleport.prefab
  artifactKey: Guid(ef8de29b6367f2b4bb7dbe9ca780141d) Importer(815301076,1909f56bfc062723c751e8b465ee728b)
Start importing Assets/_Prefabs/Teleport.prefab using Guid(ef8de29b6367f2b4bb7dbe9ca780141d) Importer(815301076,1909f56bfc062723c751e8b465ee728b)  -> (artifact id: 'b34da0bd6567a40216febeb35e32e2bd') in 0.009288 seconds
  Import took 0.012546 seconds .

========================================================================
Received Import Request.
  Time since last request: 0.001006 seconds.
  path: Assets/_Prefabs/Teleport.prefab
  artifactKey: Guid(ef8de29b6367f2b4bb7dbe9ca780141d) Importer(815301076,1909f56bfc062723c751e8b465ee728b)
Start importing Assets/_Prefabs/Teleport.prefab using Guid(ef8de29b6367f2b4bb7dbe9ca780141d) Importer(815301076,1909f56bfc062723c751e8b465ee728b)  -> (artifact id: 'b34da0bd6567a40216febeb35e32e2bd') in 0.007135 seconds
  Import took 0.009928 seconds .

========================================================================
Received Import Request.
  Time since last request: 16.158782 seconds.
  path: Assets/_Scenes/Basecamp.unity
  artifactKey: Guid(d13f4b317d1b87b4da5399dc9c09a3be) Importer(815301076,1909f56bfc062723c751e8b465ee728b)
Start importing Assets/_Scenes/Basecamp.unity using Guid(d13f4b317d1b87b4da5399dc9c09a3be) Importer(815301076,1909f56bfc062723c751e8b465ee728b)  -> (artifact id: 'df9513db383fabd8c76deaf1d7b366e4') in 0.003619 seconds
  Import took 0.006839 seconds .

========================================================================
Received Import Request.
  Time since last request: 0.000627 seconds.
  path: Assets/_Scenes/Basecamp.unity
  artifactKey: Guid(d13f4b317d1b87b4da5399dc9c09a3be) Importer(815301076,1909f56bfc062723c751e8b465ee728b)
Start importing Assets/_Scenes/Basecamp.unity using Guid(d13f4b317d1b87b4da5399dc9c09a3be) Importer(815301076,1909f56bfc062723c751e8b465ee728b)  -> (artifact id: 'df9513db383fabd8c76deaf1d7b366e4') in 0.002161 seconds
  Import took 0.004811 seconds .

========================================================================
Received Prepare
Registering precompiled user dll's ...
Registered in 0.001216 seconds.
Begin MonoManager ReloadAssembly
Native extension for WindowsStandalone target not found
Refreshing native plugins compatible for Editor in 0.43 ms, found 1 plugins.
Preloading 0 native plugins for Editor in 0.00 ms.
Invoked RoslynAnalysisRunner static constructor.
RoslynAnalysisRunner will not be running.
RoslynAnalysisRunner has terminated.
Mono: successfully reloaded assembly
- Completed reload, in  0.827 seconds
Platform modules already initialized, skipping
Refreshing native plugins compatible for Editor in 0.35 ms, found 1 plugins.
Preloading 0 native plugins for Editor in 0.00 ms.
Unloading 1959 Unused Serialized files (Serialized files now loaded: 0)
System memory in use before: 93.6 MB.
System memory in use after: 93.8 MB.

Unloading 11 unused Assets to reduce memory usage. Loaded Objects now: 2442.
Total: 1.644300 ms (FindLiveObjects: 0.190600 ms CreateObjectMapping: 0.081600 ms MarkObjects: 1.318700 ms  DeleteObjects: 0.052300 ms)

========================================================================
Received Import Request.
  Time since last request: 221.818814 seconds.
  path: Assets/_Prefabs/Zombie.prefab
  artifactKey: Guid(041eadd68bb525444b693bf2c8847987) Importer(815301076,1909f56bfc062723c751e8b465ee728b)
Start importing Assets/_Prefabs/Zombie.prefab using Guid(041eadd68bb525444b693bf2c8847987) Importer(815301076,1909f56bfc062723c751e8b465ee728b)  -> (artifact id: 'd3ebc925bb44524c7faad55d2fed6760') in 0.044625 seconds
  Import took 0.047347 seconds .

========================================================================
Received Import Request.
  Time since last request: 113.000546 seconds.
  path: Assets/__Scripts/EnemyController.cs
  artifactKey: Guid(205f5c32da65349428d95e4bd9260bf3) Importer(815301076,1909f56bfc062723c751e8b465ee728b)
Start importing Assets/__Scripts/EnemyController.cs using Guid(205f5c32da65349428d95e4bd9260bf3) Importer(815301076,1909f56bfc062723c751e8b465ee728b)  -> (artifact id: 'aaa23870d9aa321aea9d1e63f12bcb52') in 0.023296 seconds
  Import took 0.028712 seconds .

========================================================================
Received Prepare
Registering precompiled user dll's ...
Registered in 0.001209 seconds.
Begin MonoManager ReloadAssembly
Native extension for WindowsStandalone target not found
Refreshing native plugins compatible for Editor in 0.37 ms, found 1 plugins.
Preloading 0 native plugins for Editor in 0.00 ms.
Invoked RoslynAnalysisRunner static constructor.
RoslynAnalysisRunner will not be running.
RoslynAnalysisRunner has terminated.
Mono: successfully reloaded assembly
- Completed reload, in  0.835 seconds
Platform modules already initialized, skipping
Refreshing native plugins compatible for Editor in 0.37 ms, found 1 plugins.
Preloading 0 native plugins for Editor in 0.00 ms.
Unloading 1960 Unused Serialized files (Serialized files now loaded: 0)
System memory in use before: 93.7 MB.
System memory in use after: 93.8 MB.

Unloading 9 unused Assets to reduce memory usage. Loaded Objects now: 2446.
Total: 1.952400 ms (FindLiveObjects: 0.327500 ms CreateObjectMapping: 0.135000 ms MarkObjects: 1.469900 ms  DeleteObjects: 0.018700 ms)

========================================================================
Received Prepare
Registering precompiled user dll's ...
Registered in 0.001206 seconds.
Begin MonoManager ReloadAssembly
Native extension for WindowsStandalone target not found
Refreshing native plugins compatible for Editor in 0.37 ms, found 1 plugins.
Preloading 0 native plugins for Editor in 0.00 ms.
Invoked RoslynAnalysisRunner static constructor.
RoslynAnalysisRunner will not be running.
RoslynAnalysisRunner has terminated.
Mono: successfully reloaded assembly
- Completed reload, in  0.830 seconds
Platform modules already initialized, skipping
Refreshing native plugins compatible for Editor in 0.35 ms, found 1 plugins.
Preloading 0 native plugins for Editor in 0.00 ms.
Unloading 1960 Unused Serialized files (Serialized files now loaded: 0)
System memory in use before: 93.7 MB.
System memory in use after: 93.9 MB.

Unloading 9 unused Assets to reduce memory usage. Loaded Objects now: 2448.
Total: 1.623500 ms (FindLiveObjects: 0.177200 ms CreateObjectMapping: 0.075600 ms MarkObjects: 1.357600 ms  DeleteObjects: 0.012100 ms)

========================================================================
Received Import Request.
  Time since last request: 58.513312 seconds.
  path: Assets/__Scripts/EnemyController.cs
  artifactKey: Guid(205f5c32da65349428d95e4bd9260bf3) Importer(815301076,1909f56bfc062723c751e8b465ee728b)
Start importing Assets/__Scripts/EnemyController.cs using Guid(205f5c32da65349428d95e4bd9260bf3) Importer(815301076,1909f56bfc062723c751e8b465ee728b)  -> (artifact id: '5bddd746e3663b830eaf40305d18110b') in 0.004356 seconds
  Import took 0.006998 seconds .

========================================================================
Received Prepare
Registering precompiled user dll's ...
Registered in 0.001334 seconds.
Begin MonoManager ReloadAssembly
Native extension for WindowsStandalone target not found
Refreshing native plugins compatible for Editor in 0.37 ms, found 1 plugins.
Preloading 0 native plugins for Editor in 0.00 ms.
Invoked RoslynAnalysisRunner static constructor.
RoslynAnalysisRunner will not be running.
RoslynAnalysisRunner has terminated.
Mono: successfully reloaded assembly
- Completed reload, in  0.785 seconds
Platform modules already initialized, skipping
Refreshing native plugins compatible for Editor in 0.34 ms, found 1 plugins.
Preloading 0 native plugins for Editor in 0.00 ms.
Unloading 1960 Unused Serialized files (Serialized files now loaded: 0)
System memory in use before: 93.8 MB.
System memory in use after: 93.9 MB.

Unloading 9 unused Assets to reduce memory usage. Loaded Objects now: 2450.
Total: 1.735700 ms (FindLiveObjects: 0.221600 ms CreateObjectMapping: 0.093100 ms MarkObjects: 1.407100 ms  DeleteObjects: 0.013000 ms)

========================================================================
Received Prepare
Registering precompiled user dll's ...
Registered in 0.001151 seconds.
Begin MonoManager ReloadAssembly
Native extension for WindowsStandalone target not found
Refreshing native plugins compatible for Editor in 0.37 ms, found 1 plugins.
Preloading 0 native plugins for Editor in 0.00 ms.
Invoked RoslynAnalysisRunner static constructor.
RoslynAnalysisRunner will not be running.
RoslynAnalysisRunner has terminated.
Mono: successfully reloaded assembly
- Completed reload, in  0.802 seconds
Platform modules already initialized, skipping
Refreshing native plugins compatible for Editor in 0.38 ms, found 1 plugins.
Preloading 0 native plugins for Editor in 0.00 ms.
Unloading 1960 Unused Serialized files (Serialized files now loaded: 0)
System memory in use before: 93.8 MB.
System memory in use after: 93.9 MB.

Unloading 9 unused Assets to reduce memory usage. Loaded Objects now: 2452.
Total: 1.590200 ms (FindLiveObjects: 0.193000 ms CreateObjectMapping: 0.098600 ms MarkObjects: 1.285600 ms  DeleteObjects: 0.012200 ms)

========================================================================
Received Import Request.
  Time since last request: 274.944988 seconds.
  path: Assets/__Scripts/EnemyController.cs
  artifactKey: Guid(205f5c32da65349428d95e4bd9260bf3) Importer(815301076,1909f56bfc062723c751e8b465ee728b)
Start importing Assets/__Scripts/EnemyController.cs using Guid(205f5c32da65349428d95e4bd9260bf3) Importer(815301076,1909f56bfc062723c751e8b465ee728b)  -> (artifact id: 'aae1a9eacbe9ed169964f38b7796b193') in 0.004791 seconds
  Import took 0.007582 seconds .

========================================================================
Received Prepare
Registering precompiled user dll's ...
Registered in 0.001781 seconds.
Begin MonoManager ReloadAssembly
Native extension for WindowsStandalone target not found
Refreshing native plugins compatible for Editor in 0.39 ms, found 1 plugins.
Preloading 0 native plugins for Editor in 0.00 ms.
Invoked RoslynAnalysisRunner static constructor.
RoslynAnalysisRunner will not be running.
RoslynAnalysisRunner has terminated.
Mono: successfully reloaded assembly
- Completed reload, in  0.855 seconds
Platform modules already initialized, skipping
Refreshing native plugins compatible for Editor in 0.36 ms, found 1 plugins.
Preloading 0 native plugins for Editor in 0.00 ms.
Unloading 1960 Unused Serialized files (Serialized files now loaded: 0)
System memory in use before: 93.8 MB.
System memory in use after: 93.9 MB.

Unloading 9 unused Assets to reduce memory usage. Loaded Objects now: 2454.
Total: 1.896300 ms (FindLiveObjects: 0.190600 ms CreateObjectMapping: 0.076400 ms MarkObjects: 1.615200 ms  DeleteObjects: 0.013300 ms)

========================================================================
Received Prepare
Registering precompiled user dll's ...
Registered in 0.001339 seconds.
Begin MonoManager ReloadAssembly
Native extension for WindowsStandalone target not found
Refreshing native plugins compatible for Editor in 0.34 ms, found 1 plugins.
Preloading 0 native plugins for Editor in 0.00 ms.
Invoked RoslynAnalysisRunner static constructor.
RoslynAnalysisRunner will not be running.
RoslynAnalysisRunner has terminated.
Mono: successfully reloaded assembly
- Completed reload, in  0.863 seconds
Platform modules already initialized, skipping
Refreshing native plugins compatible for Editor in 0.38 ms, found 1 plugins.
Preloading 0 native plugins for Editor in 0.00 ms.
Unloading 1960 Unused Serialized files (Serialized files now loaded: 0)
System memory in use before: 93.8 MB.
System memory in use after: 93.9 MB.

Unloading 9 unused Assets to reduce memory usage. Loaded Objects now: 2456.
Total: 1.996000 ms (FindLiveObjects: 0.317500 ms CreateObjectMapping: 0.144200 ms MarkObjects: 1.518400 ms  DeleteObjects: 0.014800 ms)

========================================================================
Received Prepare
Registering precompiled user dll's ...
Registered in 0.001365 seconds.
Begin MonoManager ReloadAssembly
Native extension for WindowsStandalone target not found
Refreshing native plugins compatible for Editor in 0.38 ms, found 1 plugins.
Preloading 0 native plugins for Editor in 0.00 ms.
Invoked RoslynAnalysisRunner static constructor.
RoslynAnalysisRunner will not be running.
RoslynAnalysisRunner has terminated.
Mono: successfully reloaded assembly
- Completed reload, in  0.846 seconds
Platform modules already initialized, skipping
Refreshing native plugins compatible for Editor in 0.35 ms, found 1 plugins.
Preloading 0 native plugins for Editor in 0.00 ms.
Unloading 1960 Unused Serialized files (Serialized files now loaded: 0)
System memory in use before: 93.8 MB.
System memory in use after: 93.9 MB.

Unloading 9 unused Assets to reduce memory usage. Loaded Objects now: 2458.
Total: 2.260100 ms (FindLiveObjects: 0.253400 ms CreateObjectMapping: 0.100900 ms MarkObjects: 1.866000 ms  DeleteObjects: 0.038800 ms)

========================================================================
Received Prepare
Registering precompiled user dll's ...
Registered in 0.001172 seconds.
Begin MonoManager ReloadAssembly
Native extension for WindowsStandalone target not found
Refreshing native plugins compatible for Editor in 0.36 ms, found 1 plugins.
Preloading 0 native plugins for Editor in 0.00 ms.
Invoked RoslynAnalysisRunner static constructor.
RoslynAnalysisRunner will not be running.
RoslynAnalysisRunner has terminated.
Mono: successfully reloaded assembly
- Completed reload, in  0.854 seconds
Platform modules already initialized, skipping
Refreshing native plugins compatible for Editor in 0.37 ms, found 1 plugins.
Preloading 0 native plugins for Editor in 0.00 ms.
Unloading 1960 Unused Serialized files (Serialized files now loaded: 0)
System memory in use before: 93.8 MB.
System memory in use after: 93.9 MB.

Unloading 9 unused Assets to reduce memory usage. Loaded Objects now: 2460.
Total: 2.328400 ms (FindLiveObjects: 0.257600 ms CreateObjectMapping: 0.141200 ms MarkObjects: 1.911900 ms  DeleteObjects: 0.016700 ms)

AssetImportWorkerClient::OnTransportError - code=2 error=End of file
